<?xml version="1.0" encoding="UTF-8"?>
<!-- Generated by org.testng.reporters.JUnitReportReporter -->
<testsuite hostname="DESKTOP-HQI579D" failures="0" tests="1" name="TestClass.TestAltoroWebsite" time="12.160" errors="0" timestamp="2022-09-30T12:00:03 IST" skipped="0">
  <testcase classname="TestClass.TestAltoroWebsite" name="TestCaseId" time="12.160"/>
  <system-out>
    <![CDATA[Data Matched Successfull
Message Displayed Thank You
Sign Off Sucessfully]]>
  </system-out>
</testsuite> <!-- TestClass.TestAltoroWebsite -->
